<?xml version="1.0" encoding="UTF-8"?>
<!-- Generated by org.testng.reporters.JUnitXMLReporter -->
<testsuite ignored="0" hostname="sachin" failures="0" tests="2" name="Default test" time="28.939" errors="0" timestamp="2023-01-13T22:42:58 IST">
  <testcase classname="____neoStoxTestClasses.ValidateNeoStoxUserName" name="validateACBalance" time="0.045"/>
  <testcase classname="____neoStoxTestClasses.ValidateNeoStoxUserName" name="validateUserName" time="0.048"/>
</testsuite> <!-- Default test -->
