<?xml version="1.0" encoding="UTF-8"?>
<testng-results ignored="0" total="2" passed="2" failed="0" skipped="0">
  <reporter-output>
    <line>
      <![CDATA[Reading data from NeoStoxProperties.properties file]]>
    </line>
    <line>
      <![CDATA[data is https://neostox.com/]]>
    </line>
    <line>
      <![CDATA[waiting for 1000ms]]>
    </line>
    <line>
      <![CDATA[launching browser]]>
    </line>
    <line>
      <![CDATA[clicking on sign in button]]>
    </line>
    <line>
      <![CDATA[waiting for 1000ms]]>
    </line>
    <line>
      <![CDATA[Reading data from NeoStoxProperties.properties file]]>
    </line>
    <line>
      <![CDATA[data is 7977928993]]>
    </line>
    <line>
      <![CDATA[Entering mobile number]]>
    </line>
    <line>
      <![CDATA[Clicking on sign in button]]>
    </line>
    <line>
      <![CDATA[waiting for 1000ms]]>
    </line>
    <line>
      <![CDATA[Reading data from NeoStoxProperties.properties file]]>
    </line>
    <line>
      <![CDATA[data is 7880]]>
    </line>
    <line>
      <![CDATA[entering password]]>
    </line>
    <line>
      <![CDATA[use explicit time wait for webelement [[ChromeDriver: chrome on WINDOWS (81bcecd96641268166a66cf8e3b6ea27)] -> id: lnk_submitaccesspin]wait time is5]]>
    </line>
    <line>
      <![CDATA[clicking on submit button]]>
    </line>
    <line>
      <![CDATA[waiting for 1000ms]]>
    </line>
    <line>
      <![CDATA[use explicit time wait for webelement [[ChromeDriver: chrome on WINDOWS (81bcecd96641268166a66cf8e3b6ea27)] -> xpath: (//a[text()='OK'])[2]]wait time is8]]>
    </line>
    <line>
      <![CDATA[scrolling into view toOK]]>
    </line>
    <line>
      <![CDATA[clicking on PopUp ok button]]>
    </line>
    <line>
      <![CDATA[getting AC Balance]]>
    </line>
    <line>
      <![CDATA[Account balance is Rs.5,00,000.00]]>
    </line>
    <line>
      <![CDATA[TC validateACBalance passed]]>
    </line>
    <line>
      <![CDATA[taking screenshot ]]>
    </line>
    <line>
      <![CDATA[screenshot taken and saved at C:\Users\banso\Desktop\software testing\screenshot\validateACBalance.png]]>
    </line>
    <line>
      <![CDATA[use explicit time wait for webelement [[ChromeDriver: chrome on WINDOWS (81bcecd96641268166a66cf8e3b6ea27)] -> id: lbl_username]wait time is3]]>
    </line>
    <line>
      <![CDATA[use explicit time wait for webelement [[ChromeDriver: chrome on WINDOWS (81bcecd96641268166a66cf8e3b6ea27)] -> xpath: //span[text()='Logout']]wait time is3]]>
    </line>
    <line>
      <![CDATA[Logging out from neoStox ]]>
    </line>
    <line>
      <![CDATA[clicking on sign in button]]>
    </line>
    <line>
      <![CDATA[waiting for 1000ms]]>
    </line>
    <line>
      <![CDATA[Reading data from NeoStoxProperties.properties file]]>
    </line>
    <line>
      <![CDATA[data is 7977928993]]>
    </line>
    <line>
      <![CDATA[Entering mobile number]]>
    </line>
    <line>
      <![CDATA[Clicking on sign in button]]>
    </line>
    <line>
      <![CDATA[waiting for 1000ms]]>
    </line>
    <line>
      <![CDATA[Reading data from NeoStoxProperties.properties file]]>
    </line>
    <line>
      <![CDATA[data is 7880]]>
    </line>
    <line>
      <![CDATA[entering password]]>
    </line>
    <line>
      <![CDATA[use explicit time wait for webelement [[ChromeDriver: chrome on WINDOWS (81bcecd96641268166a66cf8e3b6ea27)] -> id: lnk_submitaccesspin]wait time is5]]>
    </line>
    <line>
      <![CDATA[clicking on submit button]]>
    </line>
    <line>
      <![CDATA[waiting for 1000ms]]>
    </line>
    <line>
      <![CDATA[There is no pop-up]]>
    </line>
    <line>
      <![CDATA[getting actual user name]]>
    </line>
    <line>
      <![CDATA[Actual user name is-->Hi Sachin Bansode]]>
    </line>
    <line>
      <![CDATA[Reading data from NeoStoxProperties.properties file]]>
    </line>
    <line>
      <![CDATA[data is Hi Sachin Bansode]]>
    </line>
    <line>
      <![CDATA[TC validateUserName passed]]>
    </line>
    <line>
      <![CDATA[taking screenshot ]]>
    </line>
    <line>
      <![CDATA[screenshot taken and saved at C:\Users\banso\Desktop\software testing\screenshot\validateUserName.png]]>
    </line>
    <line>
      <![CDATA[use explicit time wait for webelement [[ChromeDriver: chrome on WINDOWS (81bcecd96641268166a66cf8e3b6ea27)] -> id: lbl_username]wait time is3]]>
    </line>
    <line>
      <![CDATA[use explicit time wait for webelement [[ChromeDriver: chrome on WINDOWS (81bcecd96641268166a66cf8e3b6ea27)] -> xpath: //span[text()='Logout']]wait time is3]]>
    </line>
    <line>
      <![CDATA[Logging out from neoStox ]]>
    </line>
    <line>
      <![CDATA[closing Application ]]>
    </line>
  </reporter-output>
  <suite started-at="2023-01-13T22:42:29 IST" name="Default suite" finished-at="2023-01-13T22:42:58 IST" duration-ms="28939">
    <groups>
    </groups>
    <test started-at="2023-01-13T22:42:29 IST" name="Default test" finished-at="2023-01-13T22:42:58 IST" duration-ms="28939">
      <class name="____neoStoxTestClasses.ValidateNeoStoxUserName">
        <test-method is-config="true" signature="launchNeoStoxApp()[pri:0, instance:____neoStoxTestClasses.ValidateNeoStoxUserName@6bd61f98]" started-at="2023-01-13T22:42:29 IST" name="launchNeoStoxApp" finished-at="2023-01-13T22:42:39 IST" duration-ms="9702" status="PASS">
          <reporter-output>
            <line>
              <![CDATA[Reading data from NeoStoxProperties.properties file]]>
            </line>
            <line>
              <![CDATA[data is https://neostox.com/]]>
            </line>
            <line>
              <![CDATA[waiting for 1000ms]]>
            </line>
            <line>
              <![CDATA[launching browser]]>
            </line>
          </reporter-output>
        </test-method> <!-- launchNeoStoxApp -->
        <test-method is-config="true" signature="loginToNeoStox()[pri:0, instance:____neoStoxTestClasses.ValidateNeoStoxUserName@6bd61f98]" started-at="2023-01-13T22:42:39 IST" name="loginToNeoStox" finished-at="2023-01-13T22:42:49 IST" duration-ms="9766" status="PASS">
          <reporter-output>
            <line>
              <![CDATA[clicking on sign in button]]>
            </line>
            <line>
              <![CDATA[waiting for 1000ms]]>
            </line>
            <line>
              <![CDATA[Reading data from NeoStoxProperties.properties file]]>
            </line>
            <line>
              <![CDATA[data is 7977928993]]>
            </line>
            <line>
              <![CDATA[Entering mobile number]]>
            </line>
            <line>
              <![CDATA[Clicking on sign in button]]>
            </line>
            <line>
              <![CDATA[waiting for 1000ms]]>
            </line>
            <line>
              <![CDATA[Reading data from NeoStoxProperties.properties file]]>
            </line>
            <line>
              <![CDATA[data is 7880]]>
            </line>
            <line>
              <![CDATA[entering password]]>
            </line>
            <line>
              <![CDATA[use explicit time wait for webelement [[ChromeDriver: chrome on WINDOWS (81bcecd96641268166a66cf8e3b6ea27)] -> id: lnk_submitaccesspin]wait time is5]]>
            </line>
            <line>
              <![CDATA[clicking on submit button]]>
            </line>
            <line>
              <![CDATA[waiting for 1000ms]]>
            </line>
            <line>
              <![CDATA[use explicit time wait for webelement [[ChromeDriver: chrome on WINDOWS (81bcecd96641268166a66cf8e3b6ea27)] -> xpath: (//a[text()='OK'])[2]]wait time is8]]>
            </line>
            <line>
              <![CDATA[scrolling into view toOK]]>
            </line>
            <line>
              <![CDATA[clicking on PopUp ok button]]>
            </line>
          </reporter-output>
        </test-method> <!-- loginToNeoStox -->
        <test-method signature="validateACBalance()[pri:0, instance:____neoStoxTestClasses.ValidateNeoStoxUserName@6bd61f98]" started-at="2023-01-13T22:42:49 IST" name="validateACBalance" finished-at="2023-01-13T22:42:49 IST" duration-ms="45" status="PASS">
          <reporter-output>
            <line>
              <![CDATA[getting AC Balance]]>
            </line>
            <line>
              <![CDATA[Account balance is Rs.5,00,000.00]]>
            </line>
            <line>
              <![CDATA[TC validateACBalance passed]]>
            </line>
            <line>
              <![CDATA[taking screenshot ]]>
            </line>
            <line>
              <![CDATA[screenshot taken and saved at C:\Users\banso\Desktop\software testing\screenshot\validateACBalance.png]]>
            </line>
          </reporter-output>
        </test-method> <!-- validateACBalance -->
        <test-method is-config="true" signature="logOutFromNeoStox()[pri:0, instance:____neoStoxTestClasses.ValidateNeoStoxUserName@6bd61f98]" started-at="2023-01-13T22:42:49 IST" name="logOutFromNeoStox" finished-at="2023-01-13T22:42:50 IST" duration-ms="1001" status="PASS">
          <reporter-output>
            <line>
              <![CDATA[use explicit time wait for webelement [[ChromeDriver: chrome on WINDOWS (81bcecd96641268166a66cf8e3b6ea27)] -> id: lbl_username]wait time is3]]>
            </line>
            <line>
              <![CDATA[use explicit time wait for webelement [[ChromeDriver: chrome on WINDOWS (81bcecd96641268166a66cf8e3b6ea27)] -> xpath: //span[text()='Logout']]wait time is3]]>
            </line>
            <line>
              <![CDATA[Logging out from neoStox ]]>
            </line>
          </reporter-output>
        </test-method> <!-- logOutFromNeoStox -->
        <test-method is-config="true" signature="loginToNeoStox()[pri:0, instance:____neoStoxTestClasses.ValidateNeoStoxUserName@6bd61f98]" started-at="2023-01-13T22:42:50 IST" name="loginToNeoStox" finished-at="2023-01-13T22:42:56 IST" duration-ms="6189" status="PASS">
          <reporter-output>
            <line>
              <![CDATA[clicking on sign in button]]>
            </line>
            <line>
              <![CDATA[waiting for 1000ms]]>
            </line>
            <line>
              <![CDATA[Reading data from NeoStoxProperties.properties file]]>
            </line>
            <line>
              <![CDATA[data is 7977928993]]>
            </line>
            <line>
              <![CDATA[Entering mobile number]]>
            </line>
            <line>
              <![CDATA[Clicking on sign in button]]>
            </line>
            <line>
              <![CDATA[waiting for 1000ms]]>
            </line>
            <line>
              <![CDATA[Reading data from NeoStoxProperties.properties file]]>
            </line>
            <line>
              <![CDATA[data is 7880]]>
            </line>
            <line>
              <![CDATA[entering password]]>
            </line>
            <line>
              <![CDATA[use explicit time wait for webelement [[ChromeDriver: chrome on WINDOWS (81bcecd96641268166a66cf8e3b6ea27)] -> id: lnk_submitaccesspin]wait time is5]]>
            </line>
            <line>
              <![CDATA[clicking on submit button]]>
            </line>
            <line>
              <![CDATA[waiting for 1000ms]]>
            </line>
            <line>
              <![CDATA[There is no pop-up]]>
            </line>
          </reporter-output>
        </test-method> <!-- loginToNeoStox -->
        <test-method signature="validateUserName()[pri:0, instance:____neoStoxTestClasses.ValidateNeoStoxUserName@6bd61f98]" started-at="2023-01-13T22:42:56 IST" name="validateUserName" finished-at="2023-01-13T22:42:56 IST" duration-ms="48" status="PASS">
          <reporter-output>
            <line>
              <![CDATA[getting actual user name]]>
            </line>
            <line>
              <![CDATA[Actual user name is-->Hi Sachin Bansode]]>
            </line>
            <line>
              <![CDATA[Reading data from NeoStoxProperties.properties file]]>
            </line>
            <line>
              <![CDATA[data is Hi Sachin Bansode]]>
            </line>
            <line>
              <![CDATA[TC validateUserName passed]]>
            </line>
            <line>
              <![CDATA[taking screenshot ]]>
            </line>
            <line>
              <![CDATA[screenshot taken and saved at C:\Users\banso\Desktop\software testing\screenshot\validateUserName.png]]>
            </line>
          </reporter-output>
        </test-method> <!-- validateUserName -->
        <test-method is-config="true" signature="logOutFromNeoStox()[pri:0, instance:____neoStoxTestClasses.ValidateNeoStoxUserName@6bd61f98]" started-at="2023-01-13T22:42:57 IST" name="logOutFromNeoStox" finished-at="2023-01-13T22:42:57 IST" duration-ms="913" status="PASS">
          <reporter-output>
            <line>
              <![CDATA[use explicit time wait for webelement [[ChromeDriver: chrome on WINDOWS (81bcecd96641268166a66cf8e3b6ea27)] -> id: lbl_username]wait time is3]]>
            </line>
            <line>
              <![CDATA[use explicit time wait for webelement [[ChromeDriver: chrome on WINDOWS (81bcecd96641268166a66cf8e3b6ea27)] -> xpath: //span[text()='Logout']]wait time is3]]>
            </line>
            <line>
              <![CDATA[Logging out from neoStox ]]>
            </line>
          </reporter-output>
        </test-method> <!-- logOutFromNeoStox -->
        <test-method is-config="true" signature="closeNeoStoxApp()[pri:0, instance:____neoStoxTestClasses.ValidateNeoStoxUserName@6bd61f98]" started-at="2023-01-13T22:42:57 IST" name="closeNeoStoxApp" finished-at="2023-01-13T22:42:58 IST" duration-ms="773" status="PASS">
          <reporter-output>
            <line>
              <![CDATA[closing Application ]]>
            </line>
          </reporter-output>
        </test-method> <!-- closeNeoStoxApp -->
      </class> <!-- ____neoStoxTestClasses.ValidateNeoStoxUserName -->
    </test> <!-- Default test -->
  </suite> <!-- Default suite -->
</testng-results>
